<?xml version="1.0" encoding="UTF-8"?>
<testng-results skipped="0" failed="0" total="1" passed="1">
  <reporter-output>
  </reporter-output>
  <suite name="Suite" duration-ms="27917" started-at="2020-10-19T14:38:12Z" finished-at="2020-10-19T14:38:40Z">
    <groups>
    </groups>
    <test name="Test" duration-ms="27917" started-at="2020-10-19T14:38:12Z" finished-at="2020-10-19T14:38:40Z">
      <class name="test.ActitimeLoginTest">
        <test-method status="PASS" signature="OpenApp()[pri:0, instance:test.ActitimeLoginTest@20e2cbe0]" name="OpenApp" is-config="true" duration-ms="24223" started-at="2020-10-19T20:08:12Z" finished-at="2020-10-19T20:08:36Z">
          <reporter-output>
          </reporter-output>
        </test-method> <!-- OpenApp -->
        <test-method status="PASS" signature="login()[pri:0, instance:test.ActitimeLoginTest@20e2cbe0]" name="login" duration-ms="3521" started-at="2020-10-19T20:08:36Z" finished-at="2020-10-19T20:08:40Z">
          <reporter-output>
          </reporter-output>
        </test-method> <!-- login -->
        <test-method status="PASS" signature="closeApp()[pri:0, instance:test.ActitimeLoginTest@20e2cbe0]" name="closeApp" is-config="true" duration-ms="140" started-at="2020-10-19T20:08:40Z" finished-at="2020-10-19T20:08:40Z">
          <reporter-output>
          </reporter-output>
        </test-method> <!-- closeApp -->
      </class> <!-- test.ActitimeLoginTest -->
    </test> <!-- Test -->
  </suite> <!-- Suite -->
</testng-results>
